<?xml version="1.0" encoding="UTF-8"?>
<!-- Generated by org.testng.reporters.JUnitReportReporter -->
<testsuite skipped="0" hostname="LP000459" name="testsuite.ExecuteDB" tests="1" failures="0" timestamp="2020-11-23T22:35:56 IST" time="3.812" errors="0">
  <testcase name="test" time="3.812" classname="testsuite.ExecuteDB"/>
  <system-out/>
</testsuite> <!-- testsuite.ExecuteDB -->
